<?xml version="1.0" encoding="UTF-8"?>
<!-- Generated by org.testng.reporters.JUnitReportReporter -->
<testsuite hostname="prabhas-HP-Notebook" failures="0" tests="2" name="ApiTests" time="3.426" errors="0" timestamp="2022-08-16T18:45:54 IST" skipped="0">
  <testcase classname="ApiTests" name="test2" time="0.156"/>
  <system-out/>
  <testcase classname="ApiTests" name="test1" time="3.270"/>
  <system-out/>
</testsuite> <!-- ApiTests -->
